DeviceAddModule/build/intermediates/manifest_merge_blame_file/debug/manifest-merger-blame-debug-report.txt
1<?xml version="1.0" encoding="utf-8"?>
2<manifest xmlns:android="http://schemas.android.com/apk/res/android"
3    xmlns:tools="http://schemas.android.com/tools"
4    package="com.mm.android.deviceaddmodule" >
5
6    <uses-sdk
7        android:minSdkVersion="21"
7-->src\main\AndroidManifest.xml
8        android:targetSdkVersion="29" />
8-->src\main\AndroidManifest.xml
9    <!-- Required  一些系统要求的权限，如访问网络等 -->
10    <uses-permission android:name="android.permission.BLUETOOTH" />
10-->src\main\AndroidManifest.xml:6:5-68
10-->src\main\AndroidManifest.xml:6:22-65
11    <uses-permission android:name="android.permission.BLUETOOTH_ADMIN" />
11-->src\main\AndroidManifest.xml:7:5-74
11-->src\main\AndroidManifest.xml:7:22-71
12    <!-- android10以上，使用蓝牙权限 -->
13    <uses-permission android:name="android.permission.ACCESS_BACKGROUND_LOCATION" />
13-->src\main\AndroidManifest.xml:9:5-85
13-->src\main\AndroidManifest.xml:9:22-82
14    <uses-permission android:name="android.permission.INTERNET" /> <!-- 网络访问 -->
14-->src\main\AndroidManifest.xml:10:5-67
14-->src\main\AndroidManifest.xml:10:22-64
15    <uses-permission android:name="android.permission.WRITE_EXTERNAL_STORAGE" /> <!-- 允许程序写入外部存储,如SD卡上写文件，抓图、录制等 -->
15-->src\main\AndroidManifest.xml:11:5-81
15-->src\main\AndroidManifest.xml:11:22-78
16    <uses-permission android:name="android.permission.READ_EXTERNAL_STORAGE" /> <!-- 程序可以读取设备外部存储空间(内置SDcard和外置SDCard)的文件，我的文件等 -->
16-->src\main\AndroidManifest.xml:12:5-80
16-->src\main\AndroidManifest.xml:12:22-77
17    <uses-permission android:name="android.permission.USE_CREDENTIALS" /> <!-- 允许程序请求验证从AccountManager？？？ -->
17-->src\main\AndroidManifest.xml:13:5-74
17-->src\main\AndroidManifest.xml:13:22-71
18    <uses-permission android:name="android.permission.CHANGE_WIFI_MULTICAST_STATE" /> <!-- 允许改变WiFi多播状态？？？ -->
18-->src\main\AndroidManifest.xml:14:5-86
18-->src\main\AndroidManifest.xml:14:22-83
19    <uses-permission android:name="android.permission.SYSTEM_ALERT_WINDOW" /> <!-- 允许程序显示系统窗口，应该已经不适用了？？？ -->
19-->src\main\AndroidManifest.xml:15:5-78
19-->src\main\AndroidManifest.xml:15:22-75
20    <uses-permission android:name="android.permission.RECORD_AUDIO" /> <!-- 允许程序录制声音通过手机或耳机的麦克，对讲、自定义报警音等 -->
20-->src\main\AndroidManifest.xml:16:5-71
20-->src\main\AndroidManifest.xml:16:22-68
21    <uses-permission android:name="android.permission.CAMERA" /> <!-- 允许程序访问摄像头进行拍照，二维码扫描补光、拍照上传图片等 -->
21-->src\main\AndroidManifest.xml:17:5-65
21-->src\main\AndroidManifest.xml:17:22-62
22    <uses-permission android:name="android.permission.FLASHLIGHT" /> <!-- 允许访问闪光灯，二维码扫描补光 -->
22-->src\main\AndroidManifest.xml:18:5-69
22-->src\main\AndroidManifest.xml:18:22-66
23    <uses-permission android:name="android.permission.MODIFY_AUDIO_SETTINGS" /> <!-- 允许程序修改声音设置信息，声波配对，自动调大音量。需求变更之后应该不需要了？？？ -->
23-->src\main\AndroidManifest.xml:19:5-80
23-->src\main\AndroidManifest.xml:19:22-77
24    <uses-permission android:name="android.permission.ACCESS_WIFI_STATE" /> <!-- 允许程序获取当前WiFi接入的状态以及WLAN热点的信息，设备添加何种配网流程使用 -->
24-->src\main\AndroidManifest.xml:20:5-76
24-->src\main\AndroidManifest.xml:20:22-73
25    <uses-permission android:name="android.permission.CHANGE_WIFI_STATE" /> <!-- 允许程序改变WiFi状态，配网等 -->
25-->src\main\AndroidManifest.xml:21:5-76
25-->src\main\AndroidManifest.xml:21:22-73
26    <uses-feature android:name="android.hardware.camera" />
26-->src\main\AndroidManifest.xml:22:5-60
26-->src\main\AndroidManifest.xml:22:19-57
27    <uses-feature android:name="android.hardware.camera.autofocus" />
27-->src\main\AndroidManifest.xml:23:5-70
27-->src\main\AndroidManifest.xml:23:19-67
28    <!-- 硬件加速对X5视频播放非常重要，建议开启 -->
29    <uses-permission android:name="android.permission.READ_SETTINGS" /> <!-- 允许程序读取系统设置，声波配对获取当前系统音量等 -->
29-->src\main\AndroidManifest.xml:25:5-72
29-->src\main\AndroidManifest.xml:25:22-69
30    <!-- Optional for location -->
31    <uses-permission android:name="android.permission.ACCESS_COARSE_LOCATION" /> <!-- 允许一个程序访问CellID或 WiFi热点来获取粗略的位置，登陆、设备添加等 -->
31-->src\main\AndroidManifest.xml:27:5-81
31-->src\main\AndroidManifest.xml:27:22-78
32    <uses-permission android:name="android.permission.ACCESS_FINE_LOCATION" /> <!-- 允许一个程序访问CellID或 WiFi热点来获取精确的位置，登陆、设备添加等？？？ -->
32-->src\main\AndroidManifest.xml:28:5-79
32-->src\main\AndroidManifest.xml:28:22-76
33    <uses-permission android:name="android.permission.ACCESS_LOCATION_EXTRA_COMMANDS" /> <!-- 允许应用程序访问额外的位置提供命令，登陆、设备添加等？？？ -->
33-->src\main\AndroidManifest.xml:29:5-89
33-->src\main\AndroidManifest.xml:29:22-86
34
35    <uses-permission android:name="android.permission.CHANGE_NETWORK_STATE" /> <!-- 允许程序改变网络状态,如是否联网，配网？？？ -->
35-->src\main\AndroidManifest.xml:31:5-79
35-->src\main\AndroidManifest.xml:31:22-76
36    <uses-permission android:name="android.permission.ACCESS_NETWORK_STATE" />
36-->src\main\AndroidManifest.xml:32:5-79
36-->src\main\AndroidManifest.xml:32:22-76
37    <uses-permission android:name="android.permission.REQUEST_INSTALL_PACKAGES" /> <!-- 允许应用程序请求安装包。针对API大于22必须持有该许可使用ACTION_INSTALL_PACKAGE应用。应该没在用？？？ -->
37-->src\main\AndroidManifest.xml:33:5-83
37-->src\main\AndroidManifest.xml:33:22-80
38    <uses-permission android:name="android.permission.VIBRATE" />
38-->src\main\AndroidManifest.xml:34:5-66
38-->src\main\AndroidManifest.xml:34:22-63
39
40    <application
40-->src\main\AndroidManifest.xml:35:5-110:19
41        android:allowBackup="false"
41-->src\main\AndroidManifest.xml:36:9-36
42        android:label="@string/app_name"
42-->src\main\AndroidManifest.xml:38:9-41
43        android:supportsRtl="false"
43-->src\main\AndroidManifest.xml:37:9-36
44        tools:replace="android:allowBackup,android:label,android:supportsRtl" >
44-->src\main\AndroidManifest.xml:39:10-79
45        <service android:name="com.mm.android.deviceaddmodule.services.TimeFilterService" />
45-->src\main\AndroidManifest.xml:40:9-62
45-->src\main\AndroidManifest.xml:40:18-60
46
47        <receiver android:name="com.mm.android.deviceaddmodule.receiver.SucceedClickReceiver" />
47-->src\main\AndroidManifest.xml:41:9-66
47-->src\main\AndroidManifest.xml:41:19-64
48        <receiver android:name="com.mm.android.deviceaddmodule.receiver.TimeoutClickReceiver" />
48-->src\main\AndroidManifest.xml:42:9-66
48-->src\main\AndroidManifest.xml:42:19-64
49
50        <activity
50-->src\main\AndroidManifest.xml:43:9-50:58
51            android:name="com.mm.android.deviceaddmodule.DeviceAddActivity"
51-->src\main\AndroidManifest.xml:44:13-46
52            android:configChanges="orientation|keyboardHidden|screenSize|locale"
52-->src\main\AndroidManifest.xml:45:13-81
53            android:exported="false"
53-->src\main\AndroidManifest.xml:46:13-37
54            android:label="@string/mobile_common_device"
54-->src\main\AndroidManifest.xml:47:13-57
55            android:screenOrientation="portrait"
55-->src\main\AndroidManifest.xml:48:13-49
56            android:theme="@style/AppTheme.NoActionBar"
56-->src\main\AndroidManifest.xml:50:13-56
57            android:windowSoftInputMode="adjustPan|stateHidden" />
57-->src\main\AndroidManifest.xml:49:13-64
58        <activity
58-->src\main\AndroidManifest.xml:52:9-58:58
59            android:name="com.mm.android.deviceaddmodule.device_wifi.DeviceWifiListActivity"
59-->src\main\AndroidManifest.xml:53:13-63
60            android:configChanges="orientation|keyboardHidden|screenSize|locale"
60-->src\main\AndroidManifest.xml:54:13-81
61            android:exported="false"
61-->src\main\AndroidManifest.xml:55:13-37
62            android:screenOrientation="portrait"
62-->src\main\AndroidManifest.xml:56:13-49
63            android:theme="@style/AppTheme.NoActionBar"
63-->src\main\AndroidManifest.xml:58:13-56
64            android:windowSoftInputMode="adjustPan|stateHidden" />
64-->src\main\AndroidManifest.xml:57:13-64
65        <activity
65-->src\main\AndroidManifest.xml:59:9-65:58
66            android:name="com.mm.android.deviceaddmodule.device_wifi.DeviceWifiPasswordActivity"
66-->src\main\AndroidManifest.xml:60:13-67
67            android:configChanges="orientation|keyboardHidden|screenSize|locale"
67-->src\main\AndroidManifest.xml:61:13-81
68            android:exported="false"
68-->src\main\AndroidManifest.xml:62:13-37
69            android:screenOrientation="portrait"
69-->src\main\AndroidManifest.xml:63:13-49
70            android:theme="@style/AppTheme.NoActionBar"
70-->src\main\AndroidManifest.xml:65:13-56
71            android:windowSoftInputMode="adjustPan|stateHidden" />
71-->src\main\AndroidManifest.xml:64:13-64
72        <activity
72-->src\main\AndroidManifest.xml:66:9-72:58
73            android:name="com.mm.android.deviceaddmodule.device_wifi.ErrorTipActivity"
73-->src\main\AndroidManifest.xml:67:13-57
74            android:configChanges="orientation|keyboardHidden|screenSize|locale"
74-->src\main\AndroidManifest.xml:68:13-81
75            android:exported="false"
75-->src\main\AndroidManifest.xml:69:13-37
76            android:screenOrientation="portrait"
76-->src\main\AndroidManifest.xml:70:13-49
77            android:theme="@style/AppTheme.NoActionBar"
77-->src\main\AndroidManifest.xml:72:13-56
78            android:windowSoftInputMode="adjustPan|stateHidden" />
78-->src\main\AndroidManifest.xml:71:13-64
79        <activity
79-->src\main\AndroidManifest.xml:73:9-79:58
80            android:name="com.mm.android.deviceaddmodule.device_wifi.HiddenWifiActivity"
80-->src\main\AndroidManifest.xml:74:13-59
81            android:configChanges="orientation|keyboardHidden|screenSize|locale"
81-->src\main\AndroidManifest.xml:75:13-81
82            android:exported="false"
82-->src\main\AndroidManifest.xml:76:13-37
83            android:screenOrientation="portrait"
83-->src\main\AndroidManifest.xml:77:13-49
84            android:theme="@style/AppTheme.NoActionBar"
84-->src\main\AndroidManifest.xml:79:13-56
85            android:windowSoftInputMode="adjustPan|stateHidden" />
85-->src\main\AndroidManifest.xml:78:13-64
86
87        <service android:name="com.mm.android.deviceaddmodule.SeachDeviceService" />
87-->src\main\AndroidManifest.xml:81:9-54
87-->src\main\AndroidManifest.xml:81:18-52
88
89        <meta-data
89-->src\main\AndroidManifest.xml:83:9-86:45
90            android:name="meta-data4type"
90-->src\main\AndroidManifest.xml:84:13-42
91            android:value="@string/client_type"
91-->src\main\AndroidManifest.xml:85:13-48
92            tools:replace="android:value" />
92-->src\main\AndroidManifest.xml:86:13-42
93        <meta-data
93-->src\main\AndroidManifest.xml:87:9-89:44
94            android:name="meta-data4host"
94-->src\main\AndroidManifest.xml:88:13-42
95            android:value="@string/host" />
95-->src\main\AndroidManifest.xml:89:13-41
96        <meta-data
96-->src\main\AndroidManifest.xml:90:9-92:37
97            android:name="meta-ishttps"
97-->src\main\AndroidManifest.xml:91:13-40
98            android:value="false" />
98-->src\main\AndroidManifest.xml:92:13-34
99
100        <provider
100-->src\main\AndroidManifest.xml:93:9-101:20
101            android:name="androidx.core.content.FileProvider"
101-->src\main\AndroidManifest.xml:94:13-62
102            android:authorities="${applicationId}.fileprovider"
102-->src\main\AndroidManifest.xml:95:13-64
103            android:exported="false"
103-->src\main\AndroidManifest.xml:96:13-37
104            android:grantUriPermissions="true" >
104-->src\main\AndroidManifest.xml:97:13-47
105            <meta-data
105-->src\main\AndroidManifest.xml:98:13-100:54
106                android:name="android.support.FILE_PROVIDER_PATHS"
106-->src\main\AndroidManifest.xml:99:17-67
107                android:resource="@xml/file_paths" />
107-->src\main\AndroidManifest.xml:100:17-51
108        </provider>
109
110        <activity
110-->src\main\AndroidManifest.xml:103:9-109:50
111            android:name="com.mm.android.deviceaddmodule.mobilecommon.base.ProgressActivity"
111-->src\main\AndroidManifest.xml:104:13-63
112            android:configChanges="orientation|keyboardHidden|screenSize|locale"
112-->src\main\AndroidManifest.xml:105:13-81
113            android:exported="false"
113-->src\main\AndroidManifest.xml:106:13-37
114            android:launchMode="singleInstance"
114-->src\main\AndroidManifest.xml:107:13-48
115            android:screenOrientation="portrait"
115-->src\main\AndroidManifest.xml:108:13-49
116            android:theme="@style/translucent" />
116-->src\main\AndroidManifest.xml:109:13-47
117    </application>
118
119</manifest>